<?xml version="1.0" encoding="UTF-8"?>
<!-- Generated by org.testng.reporters.JUnitReportReporter -->
<testsuite hostname="SYN-DN7NXX1" name="com.techno.Multitab" tests="1" failures="0" timestamp="30 Sep 2018 14:33:14 GMT" time="926.929" errors="0">
  <testcase name="Facebook" time="926.929" classname="com.techno.Multitab"/>
</testsuite> <!-- com.techno.Multitab -->
